# JRE version: Java(TM) SE Runtime Environment (8.0_51-b16) (build 1.8.0_51-b16)
# Java VM: Java HotSpot(TM) 64-Bit Server VM (25.51-b03 mixed mode linux-amd64 compressed oops)
Heap:
 PSYoungGen      total 136192K, used 12283K [0x00000000ebd00000, 0x00000000f5880000, 0x0000000100000000)
  eden space 123904K, 0% used [0x00000000ebd00000,0x00000000ebd00000,0x00000000f3600000)
  from space 12288K, 99% used [0x00000000f4c80000,0x00000000f587ee10,0x00000000f5880000)
  to   space 8192K, 0% used [0x00000000f3600000,0x00000000f3600000,0x00000000f3e00000)
 ParOldGen       total 34304K, used 22294K [0x00000000c3600000, 0x00000000c5780000, 0x00000000ebd00000)
  object space 34304K, 64% used [0x00000000c3600000,0x00000000c4bc5850,0x00000000c5780000)
 Metaspace       used 34237K, capacity 35302K, committed 35456K, reserved 1079296K
  class space    used 4699K, capacity 5146K, committed 5248K, reserved 1048576K
GC Heap History (10 events):
Event: 4,248 GC heap after
Heap after GC invocations=6 (full 0):
 PSYoungGen      total 70144K, used 5939K [0x00000000ebd00000, 0x00000000f0a00000, 0x0000000100000000)
  eden space 62976K, 0% used [0x00000000ebd00000,0x00000000ebd00000,0x00000000efa80000)
  from space 7168K, 82% used [0x00000000f0200000,0x00000000f07ccc00,0x00000000f0900000)
  to   space 7680K, 0% used [0x00000000efa80000,0x00000000efa80000,0x00000000f0200000)
 ParOldGen       total 42496K, used 8698K [0x00000000c3600000, 0x00000000c5f80000, 0x00000000ebd00000)
  object space 42496K, 20% used [0x00000000c3600000,0x00000000c3e7ea20,0x00000000c5f80000)
 Metaspace       used 19773K, capacity 20062K, committed 20224K, reserved 1067008K
  class space    used 2613K, capacity 2711K, committed 2816K, reserved 1048576K
}
Event: 4,923 GC heap before
{Heap before GC invocations=7 (full 0):
 PSYoungGen      total 70144K, used 22321K [0x00000000ebd00000, 0x00000000f0a00000, 0x0000000100000000)
  eden space 62976K, 26% used [0x00000000ebd00000,0x00000000eccff870,0x00000000efa80000)
  from space 7168K, 82% used [0x00000000f0200000,0x00000000f07ccc00,0x00000000f0900000)
  to   space 7680K, 0% used [0x00000000efa80000,0x00000000efa80000,0x00000000f0200000)
 ParOldGen       total 42496K, used 8698K [0x00000000c3600000, 0x00000000c5f80000, 0x00000000ebd00000)
  object space 42496K, 20% used [0x00000000c3600000,0x00000000c3e7ea20,0x00000000c5f80000)
 Metaspace       used 21045K, capacity 21246K, committed 21296K, reserved 1067008K
  class space    used 2839K, capacity 2935K, committed 2944K, reserved 1048576K
Event: 4,954 GC heap after
Heap after GC invocations=7 (full 0):
 PSYoungGen      total 70656K, used 4839K [0x00000000ebd00000, 0x00000000f4600000, 0x0000000100000000)
  eden space 62976K, 0% used [0x00000000ebd00000,0x00000000ebd00000,0x00000000efa80000)
  from space 7680K, 63% used [0x00000000efa80000,0x00000000eff39f98,0x00000000f0200000)
  to   space 7168K, 0% used [0x00000000f3f00000,0x00000000f3f00000,0x00000000f4600000)
 ParOldGen       total 42496K, used 9423K [0x00000000c3600000, 0x00000000c5f80000, 0x00000000ebd00000)
  object space 42496K, 22% used [0x00000000c3600000,0x00000000c3f33fa8,0x00000000c5f80000)
 Metaspace       used 21045K, capacity 21246K, committed 21296K, reserved 1067008K
  class space    used 2839K, capacity 2935K, committed 2944K, reserved 1048576K
}
Event: 4,954 GC heap before
{Heap before GC invocations=8 (full 1):
 PSYoungGen      total 70656K, used 4839K [0x00000000ebd00000, 0x00000000f4600000, 0x0000000100000000)
  eden space 62976K, 0% used [0x00000000ebd00000,0x00000000ebd00000,0x00000000efa80000)
  from space 7680K, 63% used [0x00000000efa80000,0x00000000eff39f98,0x00000000f0200000)
  to   space 7168K, 0% used [0x00000000f3f00000,0x00000000f3f00000,0x00000000f4600000)
 ParOldGen       total 42496K, used 9423K [0x00000000c3600000, 0x00000000c5f80000, 0x00000000ebd00000)
  object space 42496K, 22% used [0x00000000c3600000,0x00000000c3f33fa8,0x00000000c5f80000)
 Metaspace       used 21045K, capacity 21246K, committed 21296K, reserved 1067008K
  class space    used 2839K, capacity 2935K, committed 2944K, reserved 1048576K
Event: 5,058 GC heap after
Heap after GC invocations=8 (full 1):
 PSYoungGen      total 70656K, used 0K [0x00000000ebd00000, 0x00000000f4600000, 0x0000000100000000)
  eden space 62976K, 0% used [0x00000000ebd00000,0x00000000ebd00000,0x00000000efa80000)
  from space 7680K, 0% used [0x00000000efa80000,0x00000000efa80000,0x00000000f0200000)
  to   space 7168K, 0% used [0x00000000f3f00000,0x00000000f3f00000,0x00000000f4600000)
 ParOldGen       total 34304K, used 7776K [0x00000000c3600000, 0x00000000c5780000, 0x00000000ebd00000)
  object space 34304K, 22% used [0x00000000c3600000,0x00000000c3d98220,0x00000000c5780000)
 Metaspace       used 21045K, capacity 21246K, committed 21296K, reserved 1067008K
  class space    used 2839K, capacity 2935K, committed 2944K, reserved 1048576K
}
Event: 7,516 GC heap before
{Heap before GC invocations=9 (full 1):
 PSYoungGen      total 70656K, used 62976K [0x00000000ebd00000, 0x00000000f4600000, 0x0000000100000000)
  eden space 62976K, 100% used [0x00000000ebd00000,0x00000000efa80000,0x00000000efa80000)
  from space 7680K, 0% used [0x00000000efa80000,0x00000000efa80000,0x00000000f0200000)
  to   space 7168K, 0% used [0x00000000f3f00000,0x00000000f3f00000,0x00000000f4600000)
 ParOldGen       total 34304K, used 7776K [0x00000000c3600000, 0x00000000c5780000, 0x00000000ebd00000)
  object space 34304K, 22% used [0x00000000c3600000,0x00000000c3d98220,0x00000000c5780000)
 Metaspace       used 25936K, capacity 26592K, committed 26752K, reserved 1073152K
  class space    used 3439K, capacity 3678K, committed 3712K, reserved 1048576K
Event: 7,542 GC heap after
Heap after GC invocations=9 (full 1):
 PSYoungGen      total 107520K, used 6923K [0x00000000ebd00000, 0x00000000f4600000, 0x0000000100000000)
  eden space 100352K, 0% used [0x00000000ebd00000,0x00000000ebd00000,0x00000000f1f00000)
  from space 7168K, 96% used [0x00000000f3f00000,0x00000000f45c2c88,0x00000000f4600000)
  to   space 8192K, 0% used [0x00000000f3600000,0x00000000f3600000,0x00000000f3e00000)
 ParOldGen       total 34304K, used 7848K [0x00000000c3600000, 0x00000000c5780000, 0x00000000ebd00000)
  object space 34304K, 22% used [0x00000000c3600000,0x00000000c3daa230,0x00000000c5780000)
 Metaspace       used 25936K, capacity 26592K, committed 26752K, reserved 1073152K
  class space    used 3439K, capacity 3678K, committed 3712K, reserved 1048576K
}
Event: 11,239 GC heap before
{Heap before GC invocations=10 (full 1):
 PSYoungGen      total 107520K, used 107275K [0x00000000ebd00000, 0x00000000f4600000, 0x0000000100000000)
  eden space 100352K, 100% used [0x00000000ebd00000,0x00000000f1f00000,0x00000000f1f00000)
  from space 7168K, 96% used [0x00000000f3f00000,0x00000000f45c2c88,0x00000000f4600000)
  to   space 8192K, 0% used [0x00000000f3600000,0x00000000f3600000,0x00000000f3e00000)
 ParOldGen       total 34304K, used 7848K [0x00000000c3600000, 0x00000000c5780000, 0x00000000ebd00000)
  object space 34304K, 22% used [0x00000000c3600000,0x00000000c3daa230,0x00000000c5780000)
 Metaspace       used 31466K, capacity 32300K, committed 32512K, reserved 1077248K
  class space    used 4281K, capacity 4596K, committed 4608K, reserved 1048576K
Event: 11,312 GC heap after
Heap after GC invocations=10 (full 1):
 PSYoungGen      total 132096K, used 8191K [0x00000000ebd00000, 0x00000000f5880000, 0x0000000100000000)
  eden space 123904K, 0% used [0x00000000ebd00000,0x00000000ebd00000,0x00000000f3600000)
  from space 8192K, 99% used [0x00000000f3600000,0x00000000f3dffc40,0x00000000f3e00000)
  to   space 12288K, 0% used [0x00000000f4c80000,0x00000000f4c80000,0x00000000f5880000)
 ParOldGen       total 34304K, used 15742K [0x00000000c3600000, 0x00000000c5780000, 0x00000000ebd00000)
  object space 34304K, 45% used [0x00000000c3600000,0x00000000c455fa30,0x00000000c5780000)
 Metaspace       used 31466K, capacity 32300K, committed 32512K, reserved 1077248K
  class space    used 4281K, capacity 4596K, committed 4608K, reserved 1048576K
}
Event: 17,445 GC heap before
{Heap before GC invocations=11 (full 1):
 PSYoungGen      total 132096K, used 99930K [0x00000000ebd00000, 0x00000000f5880000, 0x0000000100000000)
  eden space 123904K, 74% used [0x00000000ebd00000,0x00000000f1696c30,0x00000000f3600000)
  from space 8192K, 99% used [0x00000000f3600000,0x00000000f3dffc40,0x00000000f3e00000)
  to   space 12288K, 0% used [0x00000000f4c80000,0x00000000f4c80000,0x00000000f5880000)
 ParOldGen       total 34304K, used 15742K [0x00000000c3600000, 0x00000000c5780000, 0x00000000ebd00000)
  object space 34304K, 45% used [0x00000000c3600000,0x00000000c455fa30,0x00000000c5780000)
 Metaspace       used 34237K, capacity 35302K, committed 35456K, reserved 1079296K
  class space    used 4699K, capacity 5146K, committed 5248K, reserved 1048576K

